<?xml version="1.0" encoding="UTF-8"?>
<testsuite xmlns:xsi="http://www.w3.org/2001/XMLSchema-instance" xsi:noNamespaceSchemaLocation="https://maven.apache.org/surefire/maven-surefire-plugin/xsd/surefire-test-report-3.0.xsd" version="3.0" name="courierTest" time="2.666" tests="3" errors="0" skipped="0" failures="0">
  <properties>
    <property name="java.specification.version" value="19"/>
    <property name="sun.jnu.encoding" value="UTF-8"/>
    <property name="java.class.path" value="/Users/ermakova20/yandex/Sprint_7/target/test-classes:/Users/ermakova20/yandex/Sprint_7/target/classes:/Users/ermakova20/.m2/repository/junit/junit/4.13.2/junit-4.13.2.jar:/Users/ermakova20/.m2/repository/org/hamcrest/hamcrest-core/1.3/hamcrest-core-1.3.jar:/Users/ermakova20/.m2/repository/io/rest-assured/rest-assured-common/5.3.0/rest-assured-common-5.3.0.jar:/Users/ermakova20/.m2/repository/org/apache/groovy/groovy/4.0.6/groovy-4.0.6.jar:/Users/ermakova20/.m2/repository/org/apache/commons/commons-lang3/3.11/commons-lang3-3.11.jar:/Users/ermakova20/.m2/repository/io/rest-assured/rest-assured/5.3.0/rest-assured-5.3.0.jar:/Users/ermakova20/.m2/repository/org/apache/groovy/groovy-xml/4.0.6/groovy-xml-4.0.6.jar:/Users/ermakova20/.m2/repository/org/apache/httpcomponents/httpclient/4.5.13/httpclient-4.5.13.jar:/Users/ermakova20/.m2/repository/org/apache/httpcomponents/httpcore/4.4.13/httpcore-4.4.13.jar:/Users/ermakova20/.m2/repository/commons-logging/commons-logging/1.2/commons-logging-1.2.jar:/Users/ermakova20/.m2/repository/commons-codec/commons-codec/1.11/commons-codec-1.11.jar:/Users/ermakova20/.m2/repository/org/apache/httpcomponents/httpmime/4.5.13/httpmime-4.5.13.jar:/Users/ermakova20/.m2/repository/org/hamcrest/hamcrest/2.1/hamcrest-2.1.jar:/Users/ermakova20/.m2/repository/org/ccil/cowan/tagsoup/tagsoup/1.2.1/tagsoup-1.2.1.jar:/Users/ermakova20/.m2/repository/io/rest-assured/json-path/5.3.0/json-path-5.3.0.jar:/Users/ermakova20/.m2/repository/org/apache/groovy/groovy-json/4.0.6/groovy-json-4.0.6.jar:/Users/ermakova20/.m2/repository/io/rest-assured/xml-path/5.3.0/xml-path-5.3.0.jar:/Users/ermakova20/.m2/repository/com/google/code/gson/gson/2.10.1/gson-2.10.1.jar:"/>
    <property name="java.vm.vendor" value="Homebrew"/>
    <property name="sun.arch.data.model" value="64"/>
    <property name="java.vendor.url" value="https://github.com/Homebrew/homebrew-core/issues"/>
    <property name="user.timezone" value="Europe/Amsterdam"/>
    <property name="os.name" value="Mac OS X"/>
    <property name="java.vm.specification.version" value="19"/>
    <property name="sun.java.launcher" value="SUN_STANDARD"/>
    <property name="user.country" value="RU"/>
    <property name="sun.boot.library.path" value="/usr/local/Cellar/openjdk/19.0.2/libexec/openjdk.jdk/Contents/Home/lib"/>
    <property name="sun.java.command" value="/Users/ermakova20/yandex/Sprint_7/target/surefire/surefirebooter-20230410133504369_3.jar /Users/ermakova20/yandex/Sprint_7/target/surefire 2023-04-10T13-35-04_264-jvmRun1 surefire-20230410133504369_1tmp surefire_0-20230410133504369_2tmp"/>
    <property name="jdk.debug" value="release"/>
    <property name="surefire.test.class.path" value="/Users/ermakova20/yandex/Sprint_7/target/test-classes:/Users/ermakova20/yandex/Sprint_7/target/classes:/Users/ermakova20/.m2/repository/junit/junit/4.13.2/junit-4.13.2.jar:/Users/ermakova20/.m2/repository/org/hamcrest/hamcrest-core/1.3/hamcrest-core-1.3.jar:/Users/ermakova20/.m2/repository/io/rest-assured/rest-assured-common/5.3.0/rest-assured-common-5.3.0.jar:/Users/ermakova20/.m2/repository/org/apache/groovy/groovy/4.0.6/groovy-4.0.6.jar:/Users/ermakova20/.m2/repository/org/apache/commons/commons-lang3/3.11/commons-lang3-3.11.jar:/Users/ermakova20/.m2/repository/io/rest-assured/rest-assured/5.3.0/rest-assured-5.3.0.jar:/Users/ermakova20/.m2/repository/org/apache/groovy/groovy-xml/4.0.6/groovy-xml-4.0.6.jar:/Users/ermakova20/.m2/repository/org/apache/httpcomponents/httpclient/4.5.13/httpclient-4.5.13.jar:/Users/ermakova20/.m2/repository/org/apache/httpcomponents/httpcore/4.4.13/httpcore-4.4.13.jar:/Users/ermakova20/.m2/repository/commons-logging/commons-logging/1.2/commons-logging-1.2.jar:/Users/ermakova20/.m2/repository/commons-codec/commons-codec/1.11/commons-codec-1.11.jar:/Users/ermakova20/.m2/repository/org/apache/httpcomponents/httpmime/4.5.13/httpmime-4.5.13.jar:/Users/ermakova20/.m2/repository/org/hamcrest/hamcrest/2.1/hamcrest-2.1.jar:/Users/ermakova20/.m2/repository/org/ccil/cowan/tagsoup/tagsoup/1.2.1/tagsoup-1.2.1.jar:/Users/ermakova20/.m2/repository/io/rest-assured/json-path/5.3.0/json-path-5.3.0.jar:/Users/ermakova20/.m2/repository/org/apache/groovy/groovy-json/4.0.6/groovy-json-4.0.6.jar:/Users/ermakova20/.m2/repository/io/rest-assured/xml-path/5.3.0/xml-path-5.3.0.jar:/Users/ermakova20/.m2/repository/com/google/code/gson/gson/2.10.1/gson-2.10.1.jar:"/>
    <property name="sun.cpu.endian" value="little"/>
    <property name="user.home" value="/Users/ermakova20"/>
    <property name="user.language" value="ru"/>
    <property name="java.specification.vendor" value="Oracle Corporation"/>
    <property name="java.version.date" value="2023-01-17"/>
    <property name="java.home" value="/usr/local/Cellar/openjdk/19.0.2/libexec/openjdk.jdk/Contents/Home"/>
    <property name="file.separator" value="/"/>
    <property name="basedir" value="/Users/ermakova20/yandex/Sprint_7"/>
    <property name="java.vm.compressedOopsMode" value="Zero based"/>
    <property name="line.separator" value="&#10;"/>
    <property name="java.specification.name" value="Java Platform API Specification"/>
    <property name="java.vm.specification.vendor" value="Oracle Corporation"/>
    <property name="apple.awt.application.name" value="ForkedBooter"/>
    <property name="surefire.real.class.path" value="/Users/ermakova20/yandex/Sprint_7/target/surefire/surefirebooter-20230410133504369_3.jar"/>
    <property name="sun.management.compiler" value="HotSpot 64-Bit Tiered Compilers"/>
    <property name="java.runtime.version" value="19.0.2"/>
    <property name="user.name" value="ermakova20"/>
    <property name="stdout.encoding" value="UTF-8"/>
    <property name="path.separator" value=":"/>
    <property name="os.version" value="12.6.1"/>
    <property name="java.runtime.name" value="OpenJDK Runtime Environment"/>
    <property name="file.encoding" value="UTF-8"/>
    <property name="java.vm.name" value="OpenJDK 64-Bit Server VM"/>
    <property name="java.vendor.version" value="Homebrew"/>
    <property name="localRepository" value="/Users/ermakova20/.m2/repository"/>
    <property name="java.vendor.url.bug" value="https://github.com/Homebrew/homebrew-core/issues"/>
    <property name="java.io.tmpdir" value="/var/folders/49/8q1y_xc124l56kj_fx5w23g4j52w7s/T/"/>
    <property name="java.version" value="19.0.2"/>
    <property name="user.dir" value="/Users/ermakova20/yandex/Sprint_7"/>
    <property name="os.arch" value="x86_64"/>
    <property name="java.vm.specification.name" value="Java Virtual Machine Specification"/>
    <property name="native.encoding" value="UTF-8"/>
    <property name="java.library.path" value="/Users/ermakova20/Library/Java/Extensions:/Library/Java/Extensions:/Network/Library/Java/Extensions:/System/Library/Java/Extensions:/usr/lib/java:."/>
    <property name="java.vm.info" value="mixed mode, sharing"/>
    <property name="stderr.encoding" value="UTF-8"/>
    <property name="java.vendor" value="Homebrew"/>
    <property name="java.vm.version" value="19.0.2"/>
    <property name="sun.io.unicode.encoding" value="UnicodeBig"/>
    <property name="java.class.version" value="63.0"/>
  </properties>
  <testcase name="checkCourierResponseBodyTest" classname="courierTest" time="1.311">
    <system-out><![CDATA[{"ok":true}
]]></system-out>
  </testcase>
  <testcase name="checkCourierDoubleResponseBodyTest" classname="courierTest" time="0.941">
    <system-out><![CDATA[{"code":409,"message":"Этот логин уже используется. Попробуйте другой."}
]]></system-out>
  </testcase>
  <testcase name="checkCourierResponseWithoutFieldBodyTest" classname="courierTest" time="0.407">
    <system-out><![CDATA[{"code":400,"message":"Недостаточно данных для создания учетной записи"}
]]></system-out>
  </testcase>
</testsuite>